<?xml version="1.0" encoding="UTF-8"?>
<!-- Generated by org.testng.reporters.JUnitXMLReporter -->
<testsuite ignored="0" hostname="TORANA-L115" failures="1" tests="3" name="Test" time="25.474" errors="0" timestamp="2024-03-27T16:51:57 IST">
  <testcase classname="Test_Pack.LoginTest" name="loginTest" time="3.421"/>
  <testcase classname="Test_Pack.CreateUserTest" name="loginTest" time="5.435"/>
  <testcase classname="Test_Pack.CreateUserTest" name="createUser" time="8.921">
    <failure type="java.lang.AssertionError" message="expected [swapnil.h@toranainc.com Email Already Exists.] but found []">
      <![CDATA[java.lang.AssertionError: expected [swapnil.h@toranainc.com Email Already Exists.] but found []
at Test_Pack.CreateUserTest.createUser(CreateUserTest.java:95)
at java.base/java.util.ArrayList.forEach(ArrayList.java:1511)
... Removed 33 stack frames]]>
    </failure>
  </testcase> <!-- createUser -->
</testsuite> <!-- Test -->
