<?xml version="1.0" encoding="UTF-8"?>
<testng-results ignored="0" total="2" passed="2" failed="0" skipped="0">
  <reporter-output>
  </reporter-output>
  <suite started-at="2024-03-27T18:30:48 IST" name="Default suite" finished-at="2024-03-27T18:31:01 IST" duration-ms="13780">
    <groups>
    </groups>
    <test started-at="2024-03-27T18:30:48 IST" name="Default test" finished-at="2024-03-27T18:31:01 IST" duration-ms="13780">
      <class name="Test_Pack.CreateUserTest">
        <test-method is-config="true" signature="BeforeClass()[pri:0, instance:Test_Pack.CreateUserTest@32502377]" started-at="2024-03-27T18:30:48 IST" name="BeforeClass" finished-at="2024-03-27T18:30:52 IST" duration-ms="3967" status="PASS">
          <reporter-output>
          </reporter-output>
        </test-method> <!-- BeforeClass -->
        <test-method is-config="true" signature="BeforeMethod()[pri:0, instance:Test_Pack.CreateUserTest@32502377]" started-at="2024-03-27T18:30:52 IST" name="BeforeMethod" finished-at="2024-03-27T18:30:52 IST" duration-ms="9" status="PASS">
          <reporter-output>
          </reporter-output>
        </test-method> <!-- BeforeMethod -->
        <test-method signature="loginTest()[pri:1, instance:Test_Pack.CreateUserTest@32502377]" started-at="2024-03-27T18:30:52 IST" name="loginTest" finished-at="2024-03-27T18:30:57 IST" duration-ms="5307" status="PASS">
          <reporter-output>
          </reporter-output>
        </test-method> <!-- loginTest -->
        <test-method is-config="true" signature="BeforeMethod()[pri:0, instance:Test_Pack.CreateUserTest@32502377]" started-at="2024-03-27T18:30:57 IST" name="BeforeMethod" finished-at="2024-03-27T18:30:57 IST" duration-ms="11" status="PASS">
          <reporter-output>
          </reporter-output>
        </test-method> <!-- BeforeMethod -->
        <test-method signature="createUser()[pri:2, instance:Test_Pack.CreateUserTest@32502377]" started-at="2024-03-27T18:30:57 IST" name="createUser" finished-at="2024-03-27T18:31:01 IST" duration-ms="4451" status="PASS">
          <reporter-output>
          </reporter-output>
        </test-method> <!-- createUser -->
        <test-method is-config="true" signature="AfterClass()[pri:0, instance:Test_Pack.CreateUserTest@32502377]" started-at="2024-03-27T18:31:01 IST" name="AfterClass" finished-at="2024-03-27T18:31:01 IST" duration-ms="0" status="PASS">
          <reporter-output>
          </reporter-output>
        </test-method> <!-- AfterClass -->
      </class> <!-- Test_Pack.CreateUserTest -->
    </test> <!-- Default test -->
  </suite> <!-- Default suite -->
</testng-results>
