<?xml version="1.0" encoding="UTF-8"?>
<testng-results ignored="0" total="1" passed="1" failed="0" skipped="0">
  <reporter-output>
  </reporter-output>
  <suite started-at="2024-04-10T15:36:17 IST" name="Default suite" finished-at="2024-04-10T15:36:25 IST" duration-ms="7989">
    <groups>
    </groups>
    <test started-at="2024-04-10T15:36:17 IST" name="Default test" finished-at="2024-04-10T15:36:25 IST" duration-ms="7989">
      <class name="Test_Pack.LoginTest">
        <test-method is-config="true" signature="BeforeClass()[pri:0, instance:Test_Pack.LoginTest@53ce1329]" started-at="2024-04-10T15:36:17 IST" name="BeforeClass" finished-at="2024-04-10T15:36:19 IST" duration-ms="1428" status="PASS">
          <reporter-output>
          </reporter-output>
        </test-method> <!-- BeforeClass -->
        <test-method is-config="true" signature="BeforeMethod()[pri:0, instance:Test_Pack.LoginTest@53ce1329]" started-at="2024-04-10T15:36:19 IST" name="BeforeMethod" finished-at="2024-04-10T15:36:21 IST" duration-ms="2020" status="PASS">
          <reporter-output>
          </reporter-output>
        </test-method> <!-- BeforeMethod -->
        <test-method signature="loginTest()[pri:0, instance:Test_Pack.LoginTest@53ce1329]" started-at="2024-04-10T15:36:21 IST" name="loginTest" finished-at="2024-04-10T15:36:25 IST" duration-ms="4506" status="PASS">
          <reporter-output>
          </reporter-output>
        </test-method> <!-- loginTest -->
      </class> <!-- Test_Pack.LoginTest -->
    </test> <!-- Default test -->
  </suite> <!-- Default suite -->
</testng-results>
